[2018-12-05 13:10:03,494] {models.py:1361} INFO - Dependencies all met for <TaskInstance: tutorial.sleep 2018-12-04T00:00:00+00:00 [queued]>
[2018-12-05 13:10:03,501] {models.py:1361} INFO - Dependencies all met for <TaskInstance: tutorial.sleep 2018-12-04T00:00:00+00:00 [queued]>
[2018-12-05 13:10:03,502] {models.py:1573} INFO - 
--------------------------------------------------------------------------------
Starting attempt 1 of 2
--------------------------------------------------------------------------------

[2018-12-05 13:10:03,522] {models.py:1595} INFO - Executing <Task(BashOperator): sleep> on 2018-12-04T00:00:00+00:00
[2018-12-05 13:10:03,522] {base_task_runner.py:118} INFO - Running: ['bash', '-c', 'airflow run tutorial sleep 2018-12-04T00:00:00+00:00 --job_id 13 --raw -sd DAGS_FOLDER/example_dags/tutorial.py --cfg_path /tmp/tmp95zqwg3k']
[2018-12-05 13:10:04,105] {base_task_runner.py:101} INFO - Job 13: Subtask sleep [2018-12-05 13:10:04,105] {plugins_manager.py:100} ERROR - invalid syntax (my_operators.py, line 20)
[2018-12-05 13:10:04,106] {base_task_runner.py:101} INFO - Job 13: Subtask sleep Traceback (most recent call last):
[2018-12-05 13:10:04,106] {base_task_runner.py:101} INFO - Job 13: Subtask sleep   File "/home/diederik/anaconda3/lib/python3.6/site-packages/airflow/plugins_manager.py", line 89, in <module>
[2018-12-05 13:10:04,106] {base_task_runner.py:101} INFO - Job 13: Subtask sleep     m = imp.load_source(namespace, filepath)
[2018-12-05 13:10:04,106] {base_task_runner.py:101} INFO - Job 13: Subtask sleep   File "/home/diederik/anaconda3/lib/python3.6/imp.py", line 172, in load_source
[2018-12-05 13:10:04,106] {base_task_runner.py:101} INFO - Job 13: Subtask sleep     module = _load(spec)
[2018-12-05 13:10:04,106] {base_task_runner.py:101} INFO - Job 13: Subtask sleep   File "<frozen importlib._bootstrap>", line 684, in _load
[2018-12-05 13:10:04,106] {base_task_runner.py:101} INFO - Job 13: Subtask sleep   File "<frozen importlib._bootstrap>", line 665, in _load_unlocked
[2018-12-05 13:10:04,106] {base_task_runner.py:101} INFO - Job 13: Subtask sleep   File "<frozen importlib._bootstrap_external>", line 674, in exec_module
[2018-12-05 13:10:04,106] {base_task_runner.py:101} INFO - Job 13: Subtask sleep   File "<frozen importlib._bootstrap_external>", line 781, in get_code
[2018-12-05 13:10:04,106] {base_task_runner.py:101} INFO - Job 13: Subtask sleep   File "<frozen importlib._bootstrap_external>", line 741, in source_to_code
[2018-12-05 13:10:04,106] {base_task_runner.py:101} INFO - Job 13: Subtask sleep   File "<frozen importlib._bootstrap>", line 219, in _call_with_frames_removed
[2018-12-05 13:10:04,106] {base_task_runner.py:101} INFO - Job 13: Subtask sleep   File "/home/diederik/airflow/plugins/my_operators.py", line 20
[2018-12-05 13:10:04,106] {base_task_runner.py:101} INFO - Job 13: Subtask sleep     class MyFirstPlugin(AirflowPlugin):
[2018-12-05 13:10:04,106] {base_task_runner.py:101} INFO - Job 13: Subtask sleep         ^
[2018-12-05 13:10:04,106] {base_task_runner.py:101} INFO - Job 13: Subtask sleep SyntaxError: invalid syntax
[2018-12-05 13:10:04,106] {base_task_runner.py:101} INFO - Job 13: Subtask sleep [2018-12-05 13:10:04,105] {plugins_manager.py:101} ERROR - Failed to import plugin /home/diederik/airflow/plugins/my_operators.py
[2018-12-05 13:10:04,119] {base_task_runner.py:101} INFO - Job 13: Subtask sleep [2018-12-05 13:10:04,119] {__init__.py:51} INFO - Using executor SequentialExecutor
[2018-12-05 13:10:04,257] {base_task_runner.py:101} INFO - Job 13: Subtask sleep [2018-12-05 13:10:04,257] {models.py:271} INFO - Filling up the DagBag from /home/diederik/airflow/dags/example_dags/tutorial.py
[2018-12-05 13:10:04,326] {base_task_runner.py:101} INFO - Job 13: Subtask sleep [2018-12-05 13:10:04,326] {cli.py:484} INFO - Running <TaskInstance: tutorial.sleep 2018-12-04T00:00:00+00:00 [running]> on host diederik-TECRA-Z50-A
[2018-12-05 13:10:04,337] {bash_operator.py:74} INFO - Tmp dir root location: 
 /tmp
[2018-12-05 13:10:04,338] {bash_operator.py:87} INFO - Temporary script location: /tmp/airflowtmpf1w_k1p6/sleeptmo9oyrj
[2018-12-05 13:10:04,338] {bash_operator.py:97} INFO - Running command: sleep 5
[2018-12-05 13:10:04,341] {bash_operator.py:106} INFO - Output:
[2018-12-05 13:10:09,344] {bash_operator.py:114} INFO - Command exited with return code 0
[2018-12-05 13:10:13,504] {logging_mixin.py:95} INFO - [2018-12-05 13:10:13,503] {jobs.py:2627} INFO - Task exited with return code 0
